

*******************************************************************************
Mon Jun  9 11:07:32 2025


FIT:    data read from 'scaling_times.txt' using 1:2
        format = x:z
        #datapoints = 10
        residuals are weighted equally (unit weight)

function used for fitting: f(x)
	f(n) = a*n**3
fitted parameters initialized with current variable values

iter      chisq       delta/lim  lambda   a            
   0 7.3853866529e-02   0.00e+00  3.56e-02    1.000000e-08
   3 6.9164071451e-04  -8.72e-02  3.56e-05    3.403786e-08

After 3 iterations the fit converged.
final sum of squares of residuals : 0.000691641
rel. change during last iteration : -8.72475e-07

degrees of freedom    (FIT_NDF)                        : 9
rms of residuals      (FIT_STDFIT) = sqrt(WSSR/ndf)    : 0.00876635
variance of residuals (reduced chisquare) = WSSR/ndf   : 7.6849e-05

Final set of parameters            Asymptotic Standard Error
=======================            ==========================
a               = 3.40379e-08      +/- 7.791e-10    (2.289%)
